\BOOKMARK [0][-]{chapter.1}{Fundamenta\347\343o Te\363rica}{}% 1
\BOOKMARK [1][-]{section.1.1}{Redes Neurais Artificiais}{chapter.1}% 2
\BOOKMARK [2][-]{subsection.1.1.1}{Neur\364nio Artificial}{section.1.1}% 3
\BOOKMARK [3][-]{subsubsection.1.1.1.1}{Fun\347\365es de ativa\347\343o}{subsection.1.1.1}% 4
\BOOKMARK [2][-]{subsection.1.1.2}{Redes Feedforward}{section.1.1}% 5
\BOOKMARK [3][-]{subsubsection.1.1.2.1}{Perceptron Multicamadas}{subsection.1.1.2}% 6
\BOOKMARK [3][-]{subsubsection.1.1.2.2}{Rede Convolucional}{subsection.1.1.2}% 7
\BOOKMARK [2][-]{subsection.1.1.3}{Redes Recorrentes}{section.1.1}% 8
\BOOKMARK [2][-]{subsection.1.1.4}{Autocodificadores}{section.1.1}% 9
\BOOKMARK [3][-]{subsubsection.1.1.4.1}{Autocodificador Esparso}{subsection.1.1.4}% 10
\BOOKMARK [3][-]{subsubsection.1.1.4.2}{Autocodificador Variacional}{subsection.1.1.4}% 11
\BOOKMARK [1][-]{section.1.2}{Compress\343o de dados}{chapter.1}% 12
\BOOKMARK [2][-]{subsection.1.2.1}{Medidas de informa\347\343o}{section.1.2}% 13
\BOOKMARK [1][-]{section.1.3}{Imagens}{chapter.1}% 14
\BOOKMARK [2][-]{subsection.1.3.1}{Espa\347o de Cores}{section.1.3}% 15
\BOOKMARK [3][-]{subsubsection.1.3.1.1}{RGB}{subsection.1.3.1}% 16
\BOOKMARK [3][-]{subsubsection.1.3.1.2}{YCbCr}{subsection.1.3.1}% 17
\BOOKMARK [2][-]{subsection.1.3.2}{Compress\343o de Imagens}{section.1.3}% 18
\BOOKMARK [3][-]{subsubsection.1.3.2.1}{JPEG}{subsection.1.3.2}% 19
\BOOKMARK [2][-]{subsection.1.3.3}{M\351tricas de Qualidade}{section.1.3}% 20
\BOOKMARK [3][-]{subsubsection.1.3.3.1}{PSNR}{subsection.1.3.3}% 21
\BOOKMARK [3][-]{subsubsection.1.3.3.2}{SSIM}{subsection.1.3.3}% 22
\BOOKMARK [3][-]{subsubsection.1.3.3.3}{MS-SSIM}{subsection.1.3.3}% 23
\BOOKMARK [0][-]{chapter.2}{Revis\343o Bibliogr\341fica}{}% 24
\BOOKMARK [1][-]{section.2.1}{Autocodifcadores em cadeia}{chapter.2}% 25
\BOOKMARK [2][-]{subsection.2.1.1}{Binariza\347\343o}{section.2.1}% 26
\BOOKMARK [2][-]{subsection.2.1.2}{Redes n\343o-recorrentes}{section.2.1}% 27
\BOOKMARK [1][-]{section.2.2}{Redes Recorrentes}{chapter.2}% 28
\BOOKMARK [1][-]{section.2.3}{Autocodificadores variacionais}{chapter.2}% 29
\BOOKMARK [1][-]{section.2.4}{Autocodificadores baseado em GAN}{chapter.2}% 30
\BOOKMARK [0][-]{chapter.3}{Metodologia}{}% 31
\BOOKMARK [1][-]{section.3.1}{Formato do fluxo de bits}{chapter.3}% 32
\BOOKMARK [1][-]{section.3.2}{Base de Dados}{chapter.3}% 33
\BOOKMARK [1][-]{section.3.3}{Fun\347\343o de Custo}{chapter.3}% 34
\BOOKMARK [1][-]{section.3.4}{Aloca\347\343o din\342mica de bits}{chapter.3}% 35
\BOOKMARK [1][-]{section.3.5}{Implementa\347\343o}{chapter.3}% 36
\BOOKMARK [0][-]{chapter.4}{Resultados}{}% 37
\BOOKMARK [0][-]{figure.caption.54}{REFER\312NCIAS}{}% 38
